<?xml version="1.0" encoding="UTF-8"?>
<!-- Generated by org.testng.reporters.JUnitXMLReporter -->
<testsuite hostname="Pro" name="Test Suite" tests="4" failures="1" timestamp="3 Jun 2019 17:35:25 GMT" time="8.531" errors="0">
  <testcase name="verifyUrlUsingXPath" time="2.029" classname="unitbv.tests.CheckUnitBV"/>
  <testcase name="verifyUrlUsingXPath" time="3.165" classname="unitbv.tests.CheckUnitBV">
    <failure type="java.lang.AssertionError" message="03-06_20-35-22 [ERROR] - Element //a[@class=&amp;apos;btn btn-primary&amp;apos;])[2] not found on page">
      <![CDATA[java.lang.AssertionError: 03-06_20-35-22 [ERROR] - Element //a[@class='btn btn-primary'])[2] not found on page
	at framework.TestOperations.assertElementPresent(TestOperations.java:244)
	at util.VerifyPagesFromXls.verifyUrlUsingXPath(VerifyPagesFromXls.java:20)
... Removed 24 stack frames]]>
    </failure>
  </testcase> <!-- verifyUrlUsingXPath -->
  <testcase name="verifyUrlUsingXPath" time="2.081" classname="unitbv.tests.CheckUnitBV"/>
  <testcase name="verifyUrlUsingXPath" time="1.137" classname="unitbv.tests.CheckUnitBV"/>
</testsuite> <!-- Test Suite -->
