<?xml version="1.0" encoding="UTF-8"?>
<testng-results skipped="0" failed="1" total="18" passed="17">
  <reporter-output>
    <line>
      <![CDATA[15-06_11-21-55 [INFO] - Preparing test execution ]]>
    </line>
    <line>
      <![CDATA[15-06_11-21-55 [INFO] - Loading unitbv.proprieties file ]]>
    </line>
    <line>
      <![CDATA[15-06_11-21-55 [INFO] - File Loaded. Test parameters are: ]]>
    </line>
    <line>
      <![CDATA[15-06_11-21-55 [INFO] - @ ____General Parameters___ @ ]]>
    </line>
    <line>
      <![CDATA[15-06_11-21-55 [INFO] -  screen.shot.dir 				: D:/testreport/testReport/screenShots]]>
    </line>
    <line>
      <![CDATA[15-06_11-21-55 [INFO] -  unitbv.url 						: https://www.unitbv.ro]]>
    </line>
    <line>
      <![CDATA[15-06_11-21-55 [INFO] -  selenium.url 					: null]]>
    </line>
    <line>
      <![CDATA[15-06_11-21-55 [INFO] -  browser						    : firefox]]>
    </line>
    <line>
      <![CDATA[15-06_11-21-55 [INFO] -  user.md5 						: null]]>
    </line>
    <line>
      <![CDATA[15-06_11-21-55 [INFO] -  timeout 						: 5]]>
    </line>
    <line>
      <![CDATA[15-06_11-21-55 [INFO] -  wait 							: 1]]>
    </line>
    <line>
      <![CDATA[15-06_11-21-55 [INFO] - @ ____Test Data Parameters (Xls)____@  ]]>
    </line>
    <line>
      <![CDATA[15-06_11-21-55 [INFO] - @ ____________ @ ]]>
    </line>
    <line>
      <![CDATA[15-06_11-21-55 [INFO] - Finished reading parameters. Begining test execution]]>
    </line>
    <line>
      <![CDATA[15-06_11-21-55 [INFO] - Start Driver]]>
    </line>
    <line>
      <![CDATA[15-06_11-21-59 [INFO] - Page  opened]]>
    </line>
    <line>
      <![CDATA[15-06_11-22-00 [INFO] - open page : https://www.unitbv.ro/despre-unitbv.html to check :despre]]>
    </line>
    <line>
      <![CDATA[15-06_11-22-00 [INFO] - Element   was found on page]]>
    </line>
    <line>
      <![CDATA[15-06_11-22-00 [INFO] - Page  opened]]>
    </line>
    <line>
      <![CDATA[15-06_11-22-01 [INFO] - open page : https://www.unitbv.ro/despre-unitbv/echipa-de-conducere/consiliul-de-administratie.html to check :consiliul-de]]>
    </line>
    <line>
      <![CDATA[15-06_11-22-02 [INFO] - Element  Mihaela was found on page]]>
    </line>
    <line>
      <![CDATA[15-06_11-22-02 [INFO] - Page  opened]]>
    </line>
    <line>
      <![CDATA[15-06_11-22-03 [INFO] - open page : https://www.unitbv.ro/despre-unitbv/echipa-de-conducere/senat.html to check :senat]]>
    </line>
    <line>
      <![CDATA[15-06_11-22-03 [INFO] - Element  CV was found on page]]>
    </line>
    <line>
      <![CDATA[15-06_11-22-03 [INFO] - Page  opened]]>
    </line>
    <line>
      <![CDATA[15-06_11-22-03 [INFO] - open page : https://www.unitbv.ro/despre-unitbv/informatii-de-interes-public/transparenta-institutionala.html to check :transparenta]]>
    </line>
    <line>
      <![CDATA[15-06_11-22-09 [ERROR] - ScreenShot taken : D:/testreport/testReport/screenShots/15-06_11-22-09.png]]>
    </line>
    <line>
      <![CDATA[15-06_11-22-09 [ERROR] - Element //span[contains(.,'Raporarte')] not found on page]]>
    </line>
    <line>
      <![CDATA[15-06_11-22-09 [INFO] - Page  opened]]>
    </line>
    <line>
      <![CDATA[15-06_11-22-10 [INFO] - open page : https://www.unitbv.ro/cercetare/rezultatele-cercetarii.html to check :proiecte]]>
    </line>
    <line>
      <![CDATA[15-06_11-22-10 [INFO] - Element  Proiecte was found on page]]>
    </line>
    <line>
      <![CDATA[15-06_11-22-10 [INFO] - Page  opened]]>
    </line>
    <line>
      <![CDATA[15-06_11-22-11 [INFO] - open page : https://www.unitbv.ro/despre-unitbv/cariera-si-posturi-vacante.html to check :pentru]]>
    </line>
    <line>
      <![CDATA[15-06_11-22-11 [INFO] - Element   was found on page]]>
    </line>
    <line>
      <![CDATA[15-06_11-22-11 [INFO] - Page  opened]]>
    </line>
    <line>
      <![CDATA[15-06_11-22-12 [INFO] - open page : https://www.unitbv.ro/despre-unitbv/echipa-de-conducere/senat.html to check :membrii]]>
    </line>
    <line>
      <![CDATA[15-06_11-22-12 [INFO] - Element  Membrii was found on page]]>
    </line>
    <line>
      <![CDATA[15-06_11-22-12 [INFO] - Page  opened]]>
    </line>
    <line>
      <![CDATA[15-06_11-22-13 [INFO] - open page : https://www.unitbv.ro/studenti/administrative/transport-studenti.html to check :logo]]>
    </line>
    <line>
      <![CDATA[15-06_11-22-13 [INFO] - Element   was found on page]]>
    </line>
    <line>
      <![CDATA[15-06_11-22-13 [INFO] - Page  opened]]>
    </line>
    <line>
      <![CDATA[15-06_11-22-14 [INFO] - open page : https://www.unitbv.ro/cercetare/transfer-tehnologic-si-antreprenoriat.html to check :logo-bec]]>
    </line>
    <line>
      <![CDATA[15-06_11-22-14 [INFO] - Element   was found on page]]>
    </line>
    <line>
      <![CDATA[15-06_11-22-14 [INFO] - Stop Driver]]>
    </line>
    <line>
      <![CDATA[15-06_11-22-15 [INFO] - Preparing test execution ]]>
    </line>
    <line>
      <![CDATA[15-06_11-22-15 [INFO] - Loading unitbv.proprieties file ]]>
    </line>
    <line>
      <![CDATA[15-06_11-22-15 [INFO] - File Loaded. Test parameters are: ]]>
    </line>
    <line>
      <![CDATA[15-06_11-22-15 [INFO] - @ ____General Parameters___ @ ]]>
    </line>
    <line>
      <![CDATA[15-06_11-22-15 [INFO] -  screen.shot.dir 				: D:/testreport/testReport/screenShots]]>
    </line>
    <line>
      <![CDATA[15-06_11-22-15 [INFO] -  unitbv.url 						: https://www.unitbv.ro]]>
    </line>
    <line>
      <![CDATA[15-06_11-22-15 [INFO] -  selenium.url 					: null]]>
    </line>
    <line>
      <![CDATA[15-06_11-22-15 [INFO] -  browser						    : firefox]]>
    </line>
    <line>
      <![CDATA[15-06_11-22-15 [INFO] -  user.md5 						: null]]>
    </line>
    <line>
      <![CDATA[15-06_11-22-15 [INFO] -  timeout 						: 5]]>
    </line>
    <line>
      <![CDATA[15-06_11-22-15 [INFO] -  wait 							: 1]]>
    </line>
    <line>
      <![CDATA[15-06_11-22-15 [INFO] - @ ____Test Data Parameters (Xls)____@  ]]>
    </line>
    <line>
      <![CDATA[15-06_11-22-15 [INFO] - @ ____________ @ ]]>
    </line>
    <line>
      <![CDATA[15-06_11-22-15 [INFO] - Finished reading parameters. Begining test execution]]>
    </line>
    <line>
      <![CDATA[15-06_11-22-15 [INFO] - Start Driver]]>
    </line>
    <line>
      <![CDATA[15-06_11-22-18 [INFO] - Page  opened]]>
    </line>
    <line>
      <![CDATA[15-06_11-22-20 [INFO] - Text : petrisor.dima@student.unitbv.ro sent to : //input[contains(@name,'UserName')]]]>
    </line>
    <line>
      <![CDATA[15-06_11-22-20 [INFO] - Text : VrTzBsDJDwFz54Q sent to : //input[@type='password']]]>
    </line>
    <line>
      <![CDATA[15-06_11-22-20 [INFO] - Click element : Intra in cont]]>
    </line>
    <line>
      <![CDATA[15-06_11-22-22 [INFO] - Click element : ACASA]]>
    </line>
    <line>
      <![CDATA[15-06_11-22-22 [INFO] - Click element : SECRETARIAT]]>
    </line>
    <line>
      <![CDATA[15-06_11-22-22 [INFO] - Element   was found on page]]>
    </line>
    <line>
      <![CDATA[15-06_11-22-22 [INFO] - Stop Driver]]>
    </line>
    <line>
      <![CDATA[15-06_11-22-23 [INFO] - Preparing test execution ]]>
    </line>
    <line>
      <![CDATA[15-06_11-22-23 [INFO] - Loading unitbv.proprieties file ]]>
    </line>
    <line>
      <![CDATA[15-06_11-22-23 [INFO] - File Loaded. Test parameters are: ]]>
    </line>
    <line>
      <![CDATA[15-06_11-22-23 [INFO] - @ ____General Parameters___ @ ]]>
    </line>
    <line>
      <![CDATA[15-06_11-22-23 [INFO] -  screen.shot.dir 				: D:/testreport/testReport/screenShots]]>
    </line>
    <line>
      <![CDATA[15-06_11-22-23 [INFO] -  unitbv.url 						: https://www.unitbv.ro]]>
    </line>
    <line>
      <![CDATA[15-06_11-22-23 [INFO] -  selenium.url 					: null]]>
    </line>
    <line>
      <![CDATA[15-06_11-22-23 [INFO] -  browser						    : firefox]]>
    </line>
    <line>
      <![CDATA[15-06_11-22-23 [INFO] -  user.md5 						: null]]>
    </line>
    <line>
      <![CDATA[15-06_11-22-23 [INFO] -  timeout 						: 5]]>
    </line>
    <line>
      <![CDATA[15-06_11-22-23 [INFO] -  wait 							: 1]]>
    </line>
    <line>
      <![CDATA[15-06_11-22-23 [INFO] - @ ____Test Data Parameters (Xls)____@  ]]>
    </line>
    <line>
      <![CDATA[15-06_11-22-23 [INFO] - @ ____________ @ ]]>
    </line>
    <line>
      <![CDATA[15-06_11-22-23 [INFO] - Finished reading parameters. Begining test execution]]>
    </line>
    <line>
      <![CDATA[15-06_11-22-23 [INFO] - Start Driver]]>
    </line>
    <line>
      <![CDATA[15-06_11-22-26 [INFO] - Page  opened]]>
    </line>
    <line>
      <![CDATA[15-06_11-22-28 [INFO] - Text : petrisor.dima@student.unitbv.ro sent to : //input[@name='username']]]>
    </line>
    <line>
      <![CDATA[15-06_11-22-28 [INFO] - Text : VrTzBsDJDwFz54Q sent to : //input[@name='password']]]>
    </line>
    <line>
      <![CDATA[15-06_11-22-30 [INFO] - Click element : ]]>
    </line>
    <line>
      <![CDATA[15-06_11-22-30 [INFO] - Click element : Dima Petrisor Octavian]]>
    </line>
    <line>
      <![CDATA[15-06_11-22-31 [INFO] - Click element : Note]]>
    </line>
    <line>
      <![CDATA[15-06_11-22-31 [INFO] - Element  Inginerie software ID 2018-2019 was found on page]]>
    </line>
    <line>
      <![CDATA[15-06_11-22-31 [INFO] - Click element : Inginerie software ID 2018-2019]]>
    </line>
    <line>
      <![CDATA[15-06_11-22-31 [INFO] - Element  Total curs was found on page]]>
    </line>
    <line>
      <![CDATA[15-06_11-22-32 [INFO] - Click element : Dima Petrisor Octavian]]>
    </line>
    <line>
      <![CDATA[15-06_11-22-32 [INFO] - Click element : Note]]>
    </line>
    <line>
      <![CDATA[15-06_11-22-33 [INFO] - Click element : ]]>
    </line>
    <line>
      <![CDATA[15-06_11-22-33 [INFO] - Stop Driver]]>
    </line>
  </reporter-output>
  <suite name="All Suites" duration-ms="0" started-at="2019-06-15T08:22:34Z" finished-at="2019-06-15T08:22:34Z">
    <groups>
    </groups>
  </suite> <!-- All Suites -->
  <suite name="Tests from xls file" duration-ms="4894" started-at="2019-06-15T08:22:18Z" finished-at="2019-06-15T08:22:22Z">
    <groups>
    </groups>
    <test name="Test From Xls" duration-ms="4894" started-at="2019-06-15T08:22:18Z" finished-at="2019-06-15T08:22:22Z">
      <class name="unitbv.tests.TestFromXls">
        <test-method status="PASS" signature="openDriver()[pri:0, instance:unitbv.tests.TestFromXls@d041cf]" name="openDriver" is-config="true" duration-ms="2979" started-at="2019-06-15T11:22:15Z" finished-at="2019-06-15T11:22:18Z">
          <reporter-output>
            <line>
              <![CDATA[15-06_11-22-15 [INFO] - Preparing test execution ]]>
            </line>
            <line>
              <![CDATA[15-06_11-22-15 [INFO] - Loading unitbv.proprieties file ]]>
            </line>
            <line>
              <![CDATA[15-06_11-22-15 [INFO] - File Loaded. Test parameters are: ]]>
            </line>
            <line>
              <![CDATA[15-06_11-22-15 [INFO] - @ ____General Parameters___ @ ]]>
            </line>
            <line>
              <![CDATA[15-06_11-22-15 [INFO] -  screen.shot.dir 				: D:/testreport/testReport/screenShots]]>
            </line>
            <line>
              <![CDATA[15-06_11-22-15 [INFO] -  unitbv.url 						: https://www.unitbv.ro]]>
            </line>
            <line>
              <![CDATA[15-06_11-22-15 [INFO] -  selenium.url 					: null]]>
            </line>
            <line>
              <![CDATA[15-06_11-22-15 [INFO] -  browser						    : firefox]]>
            </line>
            <line>
              <![CDATA[15-06_11-22-15 [INFO] -  user.md5 						: null]]>
            </line>
            <line>
              <![CDATA[15-06_11-22-15 [INFO] -  timeout 						: 5]]>
            </line>
            <line>
              <![CDATA[15-06_11-22-15 [INFO] -  wait 							: 1]]>
            </line>
            <line>
              <![CDATA[15-06_11-22-15 [INFO] - @ ____Test Data Parameters (Xls)____@  ]]>
            </line>
            <line>
              <![CDATA[15-06_11-22-15 [INFO] - @ ____________ @ ]]>
            </line>
            <line>
              <![CDATA[15-06_11-22-15 [INFO] - Finished reading parameters. Begining test execution]]>
            </line>
            <line>
              <![CDATA[15-06_11-22-15 [INFO] - Start Driver]]>
            </line>
          </reporter-output>
        </test-method> <!-- openDriver -->
        <test-method status="PASS" signature="runTestCase(java.lang.String, java.lang.String, java.lang.String)[pri:0, instance:unitbv.tests.TestFromXls@d041cf]" name="runTestCase" duration-ms="1681" started-at="2019-06-15T11:22:18Z" data-provider="GetDataFromXlsFile" finished-at="2019-06-15T11:22:19Z">
          <params>
            <param index="0">
              <value>
                <![CDATA[GO_TO_URL]]>
              </value>
            </param>
            <param index="1">
              <value>
                <![CDATA[]]>
              </value>
            </param>
            <param index="2">
              <value>
                <![CDATA[https://intranet.unitbv.ro/]]>
              </value>
            </param>
          </params>
          <reporter-output>
            <line>
              <![CDATA[15-06_11-22-18 [INFO] - Page  opened]]>
            </line>
          </reporter-output>
        </test-method> <!-- runTestCase -->
        <test-method status="PASS" signature="runTestCase(java.lang.String, java.lang.String, java.lang.String)[pri:0, instance:unitbv.tests.TestFromXls@d041cf]" name="runTestCase" duration-ms="100" started-at="2019-06-15T11:22:19Z" data-provider="GetDataFromXlsFile" finished-at="2019-06-15T11:22:19Z">
          <params>
            <param index="0">
              <value>
                <![CDATA[WAIT]]>
              </value>
            </param>
            <param index="1">
              <value>
                <![CDATA[]]>
              </value>
            </param>
            <param index="2">
              <value>
                <![CDATA[1]]>
              </value>
            </param>
          </params>
          <reporter-output>
          </reporter-output>
        </test-method> <!-- runTestCase -->
        <test-method status="PASS" signature="runTestCase(java.lang.String, java.lang.String, java.lang.String)[pri:0, instance:unitbv.tests.TestFromXls@d041cf]" name="runTestCase" duration-ms="182" started-at="2019-06-15T11:22:19Z" data-provider="GetDataFromXlsFile" finished-at="2019-06-15T11:22:20Z">
          <params>
            <param index="0">
              <value>
                <![CDATA[SEND_TEXT]]>
              </value>
            </param>
            <param index="1">
              <value>
                <![CDATA[//input[contains(@name,'UserName')]]]>
              </value>
            </param>
            <param index="2">
              <value>
                <![CDATA[petrisor.dima@student.unitbv.ro]]>
              </value>
            </param>
          </params>
          <reporter-output>
            <line>
              <![CDATA[15-06_11-22-20 [INFO] - Text : petrisor.dima@student.unitbv.ro sent to : //input[contains(@name,'UserName')]]]>
            </line>
          </reporter-output>
        </test-method> <!-- runTestCase -->
        <test-method status="PASS" signature="runTestCase(java.lang.String, java.lang.String, java.lang.String)[pri:0, instance:unitbv.tests.TestFromXls@d041cf]" name="runTestCase" duration-ms="154" started-at="2019-06-15T11:22:20Z" data-provider="GetDataFromXlsFile" finished-at="2019-06-15T11:22:20Z">
          <params>
            <param index="0">
              <value>
                <![CDATA[SEND_TEXT]]>
              </value>
            </param>
            <param index="1">
              <value>
                <![CDATA[//input[@type='password']]]>
              </value>
            </param>
            <param index="2">
              <value>
                <![CDATA[VrTzBsDJDwFz54Q]]>
              </value>
            </param>
          </params>
          <reporter-output>
            <line>
              <![CDATA[15-06_11-22-20 [INFO] - Text : VrTzBsDJDwFz54Q sent to : //input[@type='password']]]>
            </line>
          </reporter-output>
        </test-method> <!-- runTestCase -->
        <test-method status="PASS" signature="runTestCase(java.lang.String, java.lang.String, java.lang.String)[pri:0, instance:unitbv.tests.TestFromXls@d041cf]" name="runTestCase" duration-ms="350" started-at="2019-06-15T11:22:20Z" data-provider="GetDataFromXlsFile" finished-at="2019-06-15T11:22:20Z">
          <params>
            <param index="0">
              <value>
                <![CDATA[CLICK]]>
              </value>
            </param>
            <param index="1">
              <value>
                <![CDATA[//a[contains(@id,'LoginButton')]]]>
              </value>
            </param>
            <param index="2">
              <value>
                <![CDATA[]]>
              </value>
            </param>
          </params>
          <reporter-output>
            <line>
              <![CDATA[15-06_11-22-20 [INFO] - Click element : Intra in cont]]>
            </line>
          </reporter-output>
        </test-method> <!-- runTestCase -->
        <test-method status="PASS" signature="runTestCase(java.lang.String, java.lang.String, java.lang.String)[pri:0, instance:unitbv.tests.TestFromXls@d041cf]" name="runTestCase" duration-ms="1595" started-at="2019-06-15T11:22:20Z" data-provider="GetDataFromXlsFile" finished-at="2019-06-15T11:22:22Z">
          <params>
            <param index="0">
              <value>
                <![CDATA[CLICK]]>
              </value>
            </param>
            <param index="1">
              <value>
                <![CDATA[//a[contains(.,'Acasa')]]]>
              </value>
            </param>
            <param index="2">
              <value>
                <![CDATA[Acasa]]>
              </value>
            </param>
          </params>
          <reporter-output>
            <line>
              <![CDATA[15-06_11-22-22 [INFO] - Click element : ACASA]]>
            </line>
          </reporter-output>
        </test-method> <!-- runTestCase -->
        <test-method status="PASS" signature="runTestCase(java.lang.String, java.lang.String, java.lang.String)[pri:0, instance:unitbv.tests.TestFromXls@d041cf]" name="runTestCase" duration-ms="631" started-at="2019-06-15T11:22:22Z" data-provider="GetDataFromXlsFile" finished-at="2019-06-15T11:22:22Z">
          <params>
            <param index="0">
              <value>
                <![CDATA[CLICK]]>
              </value>
            </param>
            <param index="1">
              <value>
                <![CDATA[//a[contains(.,'Secretariat')]]]>
              </value>
            </param>
            <param index="2">
              <value>
                <![CDATA[Secretariat]]>
              </value>
            </param>
          </params>
          <reporter-output>
            <line>
              <![CDATA[15-06_11-22-22 [INFO] - Click element : SECRETARIAT]]>
            </line>
          </reporter-output>
        </test-method> <!-- runTestCase -->
        <test-method status="PASS" signature="runTestCase(java.lang.String, java.lang.String, java.lang.String)[pri:0, instance:unitbv.tests.TestFromXls@d041cf]" name="runTestCase" duration-ms="119" started-at="2019-06-15T11:22:22Z" data-provider="GetDataFromXlsFile" finished-at="2019-06-15T11:22:22Z">
          <params>
            <param index="0">
              <value>
                <![CDATA[ASERT_ELEMENT_PRESENT]]>
              </value>
            </param>
            <param index="1">
              <value>
                <![CDATA[//a[@href='/secretariat/notelemele'][contains(.,'Notele mele')]]]>
              </value>
            </param>
            <param index="2">
              <value>
                <![CDATA[Notele mele]]>
              </value>
            </param>
          </params>
          <reporter-output>
            <line>
              <![CDATA[15-06_11-22-22 [INFO] - Element   was found on page]]>
            </line>
          </reporter-output>
        </test-method> <!-- runTestCase -->
        <test-method status="PASS" signature="closeDriver()[pri:0, instance:unitbv.tests.TestFromXls@d041cf]" name="closeDriver" is-config="true" duration-ms="889" started-at="2019-06-15T11:22:22Z" finished-at="2019-06-15T11:22:23Z">
          <reporter-output>
            <line>
              <![CDATA[15-06_11-22-22 [INFO] - Stop Driver]]>
            </line>
          </reporter-output>
        </test-method> <!-- closeDriver -->
      </class> <!-- unitbv.tests.TestFromXls -->
    </test> <!-- Test From Xls -->
  </suite> <!-- Tests from xls file -->
  <suite name="Check pages from xls file" duration-ms="15105" started-at="2019-06-15T08:21:59Z" finished-at="2019-06-15T08:22:14Z">
    <groups>
    </groups>
    <test name="Check Unit BV Intranet" duration-ms="15105" started-at="2019-06-15T08:21:59Z" finished-at="2019-06-15T08:22:14Z">
      <class name="unitbv.tests.CheckUnitBV">
        <test-method status="PASS" signature="openDriver()[pri:0, instance:unitbv.tests.CheckUnitBV@649d209a]" name="openDriver" is-config="true" duration-ms="3696" started-at="2019-06-15T11:21:55Z" finished-at="2019-06-15T11:21:59Z">
          <reporter-output>
            <line>
              <![CDATA[15-06_11-21-55 [INFO] - Preparing test execution ]]>
            </line>
            <line>
              <![CDATA[15-06_11-21-55 [INFO] - Loading unitbv.proprieties file ]]>
            </line>
            <line>
              <![CDATA[15-06_11-21-55 [INFO] - File Loaded. Test parameters are: ]]>
            </line>
            <line>
              <![CDATA[15-06_11-21-55 [INFO] - @ ____General Parameters___ @ ]]>
            </line>
            <line>
              <![CDATA[15-06_11-21-55 [INFO] -  screen.shot.dir 				: D:/testreport/testReport/screenShots]]>
            </line>
            <line>
              <![CDATA[15-06_11-21-55 [INFO] -  unitbv.url 						: https://www.unitbv.ro]]>
            </line>
            <line>
              <![CDATA[15-06_11-21-55 [INFO] -  selenium.url 					: null]]>
            </line>
            <line>
              <![CDATA[15-06_11-21-55 [INFO] -  browser						    : firefox]]>
            </line>
            <line>
              <![CDATA[15-06_11-21-55 [INFO] -  user.md5 						: null]]>
            </line>
            <line>
              <![CDATA[15-06_11-21-55 [INFO] -  timeout 						: 5]]>
            </line>
            <line>
              <![CDATA[15-06_11-21-55 [INFO] -  wait 							: 1]]>
            </line>
            <line>
              <![CDATA[15-06_11-21-55 [INFO] - @ ____Test Data Parameters (Xls)____@  ]]>
            </line>
            <line>
              <![CDATA[15-06_11-21-55 [INFO] - @ ____________ @ ]]>
            </line>
            <line>
              <![CDATA[15-06_11-21-55 [INFO] - Finished reading parameters. Begining test execution]]>
            </line>
            <line>
              <![CDATA[15-06_11-21-55 [INFO] - Start Driver]]>
            </line>
          </reporter-output>
        </test-method> <!-- openDriver -->
        <test-method status="PASS" signature="verifyUrlUsingXPath(java.lang.String, java.lang.String, java.lang.String)[pri:0, instance:unitbv.tests.CheckUnitBV@649d209a]" name="verifyUrlUsingXPath" duration-ms="1778" started-at="2019-06-15T11:21:59Z" data-provider="GetDataFromXlsFile" finished-at="2019-06-15T11:22:00Z">
          <params>
            <param index="0">
              <value>
                <![CDATA[despre]]>
              </value>
            </param>
            <param index="1">
              <value>
                <![CDATA[https://www.unitbv.ro/despre-unitbv.html]]>
              </value>
            </param>
            <param index="2">
              <value>
                <![CDATA[//img[contains(@alt,'teacher pointing blackboard')]]]>
              </value>
            </param>
          </params>
          <reporter-output>
            <line>
              <![CDATA[15-06_11-21-59 [INFO] - Page  opened]]>
            </line>
            <line>
              <![CDATA[15-06_11-22-00 [INFO] - open page : https://www.unitbv.ro/despre-unitbv.html to check :despre]]>
            </line>
            <line>
              <![CDATA[15-06_11-22-00 [INFO] - Element   was found on page]]>
            </line>
          </reporter-output>
        </test-method> <!-- verifyUrlUsingXPath -->
        <test-method status="PASS" signature="verifyUrlUsingXPath(java.lang.String, java.lang.String, java.lang.String)[pri:0, instance:unitbv.tests.CheckUnitBV@649d209a]" name="verifyUrlUsingXPath" duration-ms="1098" started-at="2019-06-15T11:22:00Z" data-provider="GetDataFromXlsFile" finished-at="2019-06-15T11:22:02Z">
          <params>
            <param index="0">
              <value>
                <![CDATA[consiliul-de]]>
              </value>
            </param>
            <param index="1">
              <value>
                <![CDATA[https://www.unitbv.ro/despre-unitbv/echipa-de-conducere/consiliul-de-administratie.html]]>
              </value>
            </param>
            <param index="2">
              <value>
                <![CDATA[//span[contains(.,'Mihaela')]]]>
              </value>
            </param>
          </params>
          <reporter-output>
            <line>
              <![CDATA[15-06_11-22-00 [INFO] - Page  opened]]>
            </line>
            <line>
              <![CDATA[15-06_11-22-01 [INFO] - open page : https://www.unitbv.ro/despre-unitbv/echipa-de-conducere/consiliul-de-administratie.html to check :consiliul-de]]>
            </line>
            <line>
              <![CDATA[15-06_11-22-02 [INFO] - Element  Mihaela was found on page]]>
            </line>
          </reporter-output>
        </test-method> <!-- verifyUrlUsingXPath -->
        <test-method status="PASS" signature="verifyUrlUsingXPath(java.lang.String, java.lang.String, java.lang.String)[pri:0, instance:unitbv.tests.CheckUnitBV@649d209a]" name="verifyUrlUsingXPath" duration-ms="1180" started-at="2019-06-15T11:22:02Z" data-provider="GetDataFromXlsFile" finished-at="2019-06-15T11:22:03Z">
          <params>
            <param index="0">
              <value>
                <![CDATA[senat]]>
              </value>
            </param>
            <param index="1">
              <value>
                <![CDATA[https://www.unitbv.ro/despre-unitbv/echipa-de-conducere/senat.html]]>
              </value>
            </param>
            <param index="2">
              <value>
                <![CDATA[//a[contains(.,'CV')]]]>
              </value>
            </param>
          </params>
          <reporter-output>
            <line>
              <![CDATA[15-06_11-22-02 [INFO] - Page  opened]]>
            </line>
            <line>
              <![CDATA[15-06_11-22-03 [INFO] - open page : https://www.unitbv.ro/despre-unitbv/echipa-de-conducere/senat.html to check :senat]]>
            </line>
            <line>
              <![CDATA[15-06_11-22-03 [INFO] - Element  CV was found on page]]>
            </line>
          </reporter-output>
        </test-method> <!-- verifyUrlUsingXPath -->
        <test-method status="FAIL" signature="verifyUrlUsingXPath(java.lang.String, java.lang.String, java.lang.String)[pri:0, instance:unitbv.tests.CheckUnitBV@649d209a]" name="verifyUrlUsingXPath" duration-ms="6100" started-at="2019-06-15T11:22:03Z" data-provider="GetDataFromXlsFile" finished-at="2019-06-15T11:22:09Z">
          <params>
            <param index="0">
              <value>
                <![CDATA[transparenta]]>
              </value>
            </param>
            <param index="1">
              <value>
                <![CDATA[https://www.unitbv.ro/despre-unitbv/informatii-de-interes-public/transparenta-institutionala.html]]>
              </value>
            </param>
            <param index="2">
              <value>
                <![CDATA[//span[contains(.,'Raporarte')]]]>
              </value>
            </param>
          </params>
          <exception class="java.lang.AssertionError">
            <message>
              <![CDATA[15-06_11-22-09 [ERROR] - Element //span[contains(.,'Raporarte')] not found on page]]>
            </message>
            <full-stacktrace>
              <![CDATA[java.lang.AssertionError: 15-06_11-22-09 [ERROR] - Element //span[contains(.,'Raporarte')] not found on page
	at org.testng.Assert.fail(Assert.java:94)
	at framework.TestOperations.assertElementPresent(Unknown Source)
	at util.VerifyPagesFromXls.verifyUrlUsingXPath(Unknown Source)
	at sun.reflect.NativeMethodAccessorImpl.invoke0(Native Method)
	at sun.reflect.NativeMethodAccessorImpl.invoke(NativeMethodAccessorImpl.java:62)
	at sun.reflect.DelegatingMethodAccessorImpl.invoke(DelegatingMethodAccessorImpl.java:43)
	at java.lang.reflect.Method.invoke(Method.java:498)
	at org.testng.internal.MethodInvocationHelper.invokeMethod(MethodInvocationHelper.java:84)
	at org.testng.internal.Invoker.invokeMethod(Invoker.java:714)
	at org.testng.internal.Invoker.invokeTestMethod(Invoker.java:901)
	at org.testng.internal.Invoker.invokeTestMethods(Invoker.java:1231)
	at org.testng.internal.TestMethodWorker.invokeTestMethods(TestMethodWorker.java:127)
	at org.testng.internal.TestMethodWorker.run(TestMethodWorker.java:111)
	at org.testng.TestRunner.privateRun(TestRunner.java:767)
	at org.testng.TestRunner.run(TestRunner.java:617)
	at org.testng.SuiteRunner.runTest(SuiteRunner.java:334)
	at org.testng.SuiteRunner.runSequentially(SuiteRunner.java:329)
	at org.testng.SuiteRunner.privateRun(SuiteRunner.java:291)
	at org.testng.SuiteRunner.run(SuiteRunner.java:240)
	at org.testng.SuiteRunnerWorker.runSuite(SuiteRunnerWorker.java:52)
	at org.testng.SuiteRunnerWorker.run(SuiteRunnerWorker.java:86)
	at org.testng.TestNG.runSuitesSequentially(TestNG.java:1224)
	at org.testng.TestNG.runSuitesSequentially(TestNG.java:1220)
	at org.testng.TestNG.runSuitesLocally(TestNG.java:1149)
	at org.testng.TestNG.run(TestNG.java:1057)
	at org.testng.TestNG.privateMain(TestNG.java:1364)
	at org.testng.TestNG.main(TestNG.java:1333)
]]>
            </full-stacktrace>
          </exception> <!-- java.lang.AssertionError -->
          <reporter-output>
            <line>
              <![CDATA[15-06_11-22-03 [INFO] - Page  opened]]>
            </line>
            <line>
              <![CDATA[15-06_11-22-03 [INFO] - open page : https://www.unitbv.ro/despre-unitbv/informatii-de-interes-public/transparenta-institutionala.html to check :transparenta]]>
            </line>
            <line>
              <![CDATA[15-06_11-22-09 [ERROR] - ScreenShot taken : D:/testreport/testReport/screenShots/15-06_11-22-09.png]]>
            </line>
            <line>
              <![CDATA[15-06_11-22-09 [ERROR] - Element //span[contains(.,'Raporarte')] not found on page]]>
            </line>
          </reporter-output>
        </test-method> <!-- verifyUrlUsingXPath -->
        <test-method status="PASS" signature="verifyUrlUsingXPath(java.lang.String, java.lang.String, java.lang.String)[pri:0, instance:unitbv.tests.CheckUnitBV@649d209a]" name="verifyUrlUsingXPath" duration-ms="1049" started-at="2019-06-15T11:22:09Z" data-provider="GetDataFromXlsFile" finished-at="2019-06-15T11:22:10Z">
          <params>
            <param index="0">
              <value>
                <![CDATA[proiecte]]>
              </value>
            </param>
            <param index="1">
              <value>
                <![CDATA[https://www.unitbv.ro/cercetare/rezultatele-cercetarii.html]]>
              </value>
            </param>
            <param index="2">
              <value>
                <![CDATA[//span[contains(.,'Proiecte')]]]>
              </value>
            </param>
          </params>
          <reporter-output>
            <line>
              <![CDATA[15-06_11-22-09 [INFO] - Page  opened]]>
            </line>
            <line>
              <![CDATA[15-06_11-22-10 [INFO] - open page : https://www.unitbv.ro/cercetare/rezultatele-cercetarii.html to check :proiecte]]>
            </line>
            <line>
              <![CDATA[15-06_11-22-10 [INFO] - Element  Proiecte was found on page]]>
            </line>
          </reporter-output>
        </test-method> <!-- verifyUrlUsingXPath -->
        <test-method status="PASS" signature="verifyUrlUsingXPath(java.lang.String, java.lang.String, java.lang.String)[pri:0, instance:unitbv.tests.CheckUnitBV@649d209a]" name="verifyUrlUsingXPath" duration-ms="885" started-at="2019-06-15T11:22:10Z" data-provider="GetDataFromXlsFile" finished-at="2019-06-15T11:22:11Z">
          <params>
            <param index="0">
              <value>
                <![CDATA[pentru]]>
              </value>
            </param>
            <param index="1">
              <value>
                <![CDATA[https://www.unitbv.ro/despre-unitbv/cariera-si-posturi-vacante.html]]>
              </value>
            </param>
            <param index="2">
              <value>
                <![CDATA[//img[@src='/images/footerlogo.PNG']]]>
              </value>
            </param>
          </params>
          <reporter-output>
            <line>
              <![CDATA[15-06_11-22-10 [INFO] - Page  opened]]>
            </line>
            <line>
              <![CDATA[15-06_11-22-11 [INFO] - open page : https://www.unitbv.ro/despre-unitbv/cariera-si-posturi-vacante.html to check :pentru]]>
            </line>
            <line>
              <![CDATA[15-06_11-22-11 [INFO] - Element   was found on page]]>
            </line>
          </reporter-output>
        </test-method> <!-- verifyUrlUsingXPath -->
        <test-method status="PASS" signature="verifyUrlUsingXPath(java.lang.String, java.lang.String, java.lang.String)[pri:0, instance:unitbv.tests.CheckUnitBV@649d209a]" name="verifyUrlUsingXPath" duration-ms="1173" started-at="2019-06-15T11:22:11Z" data-provider="GetDataFromXlsFile" finished-at="2019-06-15T11:22:12Z">
          <params>
            <param index="0">
              <value>
                <![CDATA[membrii]]>
              </value>
            </param>
            <param index="1">
              <value>
                <![CDATA[https://www.unitbv.ro/despre-unitbv/echipa-de-conducere/senat.html]]>
              </value>
            </param>
            <param index="2">
              <value>
                <![CDATA[//span[contains(.,'Membrii')]]]>
              </value>
            </param>
          </params>
          <reporter-output>
            <line>
              <![CDATA[15-06_11-22-11 [INFO] - Page  opened]]>
            </line>
            <line>
              <![CDATA[15-06_11-22-12 [INFO] - open page : https://www.unitbv.ro/despre-unitbv/echipa-de-conducere/senat.html to check :membrii]]>
            </line>
            <line>
              <![CDATA[15-06_11-22-12 [INFO] - Element  Membrii was found on page]]>
            </line>
          </reporter-output>
        </test-method> <!-- verifyUrlUsingXPath -->
        <test-method status="PASS" signature="verifyUrlUsingXPath(java.lang.String, java.lang.String, java.lang.String)[pri:0, instance:unitbv.tests.CheckUnitBV@649d209a]" name="verifyUrlUsingXPath" duration-ms="816" started-at="2019-06-15T11:22:12Z" data-provider="GetDataFromXlsFile" finished-at="2019-06-15T11:22:13Z">
          <params>
            <param index="0">
              <value>
                <![CDATA[logo]]>
              </value>
            </param>
            <param index="1">
              <value>
                <![CDATA[https://www.unitbv.ro/studenti/administrative/transport-studenti.html]]>
              </value>
            </param>
            <param index="2">
              <value>
                <![CDATA[//img[@src='/images/footerlogo.PNG']]]>
              </value>
            </param>
          </params>
          <reporter-output>
            <line>
              <![CDATA[15-06_11-22-12 [INFO] - Page  opened]]>
            </line>
            <line>
              <![CDATA[15-06_11-22-13 [INFO] - open page : https://www.unitbv.ro/studenti/administrative/transport-studenti.html to check :logo]]>
            </line>
            <line>
              <![CDATA[15-06_11-22-13 [INFO] - Element   was found on page]]>
            </line>
          </reporter-output>
        </test-method> <!-- verifyUrlUsingXPath -->
        <test-method status="PASS" signature="verifyUrlUsingXPath(java.lang.String, java.lang.String, java.lang.String)[pri:0, instance:unitbv.tests.CheckUnitBV@649d209a]" name="verifyUrlUsingXPath" duration-ms="932" started-at="2019-06-15T11:22:13Z" data-provider="GetDataFromXlsFile" finished-at="2019-06-15T11:22:14Z">
          <params>
            <param index="0">
              <value>
                <![CDATA[logo-bec]]>
              </value>
            </param>
            <param index="1">
              <value>
                <![CDATA[https://www.unitbv.ro/cercetare/transfer-tehnologic-si-antreprenoriat.html]]>
              </value>
            </param>
            <param index="2">
              <value>
                <![CDATA[//i[@class='material-design-light88']]]>
              </value>
            </param>
          </params>
          <reporter-output>
            <line>
              <![CDATA[15-06_11-22-13 [INFO] - Page  opened]]>
            </line>
            <line>
              <![CDATA[15-06_11-22-14 [INFO] - open page : https://www.unitbv.ro/cercetare/transfer-tehnologic-si-antreprenoriat.html to check :logo-bec]]>
            </line>
            <line>
              <![CDATA[15-06_11-22-14 [INFO] - Element   was found on page]]>
            </line>
          </reporter-output>
        </test-method> <!-- verifyUrlUsingXPath -->
        <test-method status="PASS" signature="closeDriver()[pri:0, instance:unitbv.tests.CheckUnitBV@649d209a]" name="closeDriver" is-config="true" duration-ms="869" started-at="2019-06-15T11:22:14Z" finished-at="2019-06-15T11:22:15Z">
          <reporter-output>
            <line>
              <![CDATA[15-06_11-22-14 [INFO] - Stop Driver]]>
            </line>
          </reporter-output>
        </test-method> <!-- closeDriver -->
      </class> <!-- unitbv.tests.CheckUnitBV -->
    </test> <!-- Check Unit BV Intranet -->
  </suite> <!-- Check pages from xls file -->
  <suite name="Tests from java clases" duration-ms="6335" started-at="2019-06-15T08:22:26Z" finished-at="2019-06-15T08:22:33Z">
    <groups>
    </groups>
    <test name="Check IS Grade" duration-ms="6335" started-at="2019-06-15T08:22:26Z" finished-at="2019-06-15T08:22:33Z">
      <class name="unitbv.tests.CheckISGrade">
        <test-method status="PASS" signature="openDriver()[pri:0, instance:unitbv.tests.CheckISGrade@e580929]" name="openDriver" is-config="true" duration-ms="2989" started-at="2019-06-15T11:22:23Z" finished-at="2019-06-15T11:22:26Z">
          <reporter-output>
            <line>
              <![CDATA[15-06_11-22-23 [INFO] - Preparing test execution ]]>
            </line>
            <line>
              <![CDATA[15-06_11-22-23 [INFO] - Loading unitbv.proprieties file ]]>
            </line>
            <line>
              <![CDATA[15-06_11-22-23 [INFO] - File Loaded. Test parameters are: ]]>
            </line>
            <line>
              <![CDATA[15-06_11-22-23 [INFO] - @ ____General Parameters___ @ ]]>
            </line>
            <line>
              <![CDATA[15-06_11-22-23 [INFO] -  screen.shot.dir 				: D:/testreport/testReport/screenShots]]>
            </line>
            <line>
              <![CDATA[15-06_11-22-23 [INFO] -  unitbv.url 						: https://www.unitbv.ro]]>
            </line>
            <line>
              <![CDATA[15-06_11-22-23 [INFO] -  selenium.url 					: null]]>
            </line>
            <line>
              <![CDATA[15-06_11-22-23 [INFO] -  browser						    : firefox]]>
            </line>
            <line>
              <![CDATA[15-06_11-22-23 [INFO] -  user.md5 						: null]]>
            </line>
            <line>
              <![CDATA[15-06_11-22-23 [INFO] -  timeout 						: 5]]>
            </line>
            <line>
              <![CDATA[15-06_11-22-23 [INFO] -  wait 							: 1]]>
            </line>
            <line>
              <![CDATA[15-06_11-22-23 [INFO] - @ ____Test Data Parameters (Xls)____@  ]]>
            </line>
            <line>
              <![CDATA[15-06_11-22-23 [INFO] - @ ____________ @ ]]>
            </line>
            <line>
              <![CDATA[15-06_11-22-23 [INFO] - Finished reading parameters. Begining test execution]]>
            </line>
            <line>
              <![CDATA[15-06_11-22-23 [INFO] - Start Driver]]>
            </line>
          </reporter-output>
        </test-method> <!-- openDriver -->
        <test-method status="PASS" signature="verifyISGradeOnIntranet()[pri:0, instance:unitbv.tests.CheckISGrade@e580929]" name="verifyISGradeOnIntranet" duration-ms="6334" started-at="2019-06-15T11:22:26Z" finished-at="2019-06-15T11:22:33Z">
          <reporter-output>
            <line>
              <![CDATA[15-06_11-22-26 [INFO] - Page  opened]]>
            </line>
            <line>
              <![CDATA[15-06_11-22-28 [INFO] - Text : petrisor.dima@student.unitbv.ro sent to : //input[@name='username']]]>
            </line>
            <line>
              <![CDATA[15-06_11-22-28 [INFO] - Text : VrTzBsDJDwFz54Q sent to : //input[@name='password']]]>
            </line>
            <line>
              <![CDATA[15-06_11-22-30 [INFO] - Click element : ]]>
            </line>
            <line>
              <![CDATA[15-06_11-22-30 [INFO] - Click element : Dima Petrisor Octavian]]>
            </line>
            <line>
              <![CDATA[15-06_11-22-31 [INFO] - Click element : Note]]>
            </line>
            <line>
              <![CDATA[15-06_11-22-31 [INFO] - Element  Inginerie software ID 2018-2019 was found on page]]>
            </line>
            <line>
              <![CDATA[15-06_11-22-31 [INFO] - Click element : Inginerie software ID 2018-2019]]>
            </line>
            <line>
              <![CDATA[15-06_11-22-31 [INFO] - Element  Total curs was found on page]]>
            </line>
            <line>
              <![CDATA[15-06_11-22-32 [INFO] - Click element : Dima Petrisor Octavian]]>
            </line>
            <line>
              <![CDATA[15-06_11-22-32 [INFO] - Click element : Note]]>
            </line>
            <line>
              <![CDATA[15-06_11-22-33 [INFO] - Click element : ]]>
            </line>
          </reporter-output>
        </test-method> <!-- verifyISGradeOnIntranet -->
        <test-method status="PASS" signature="closeDriver()[pri:0, instance:unitbv.tests.CheckISGrade@e580929]" name="closeDriver" is-config="true" duration-ms="844" started-at="2019-06-15T11:22:33Z" finished-at="2019-06-15T11:22:34Z">
          <reporter-output>
            <line>
              <![CDATA[15-06_11-22-33 [INFO] - Stop Driver]]>
            </line>
          </reporter-output>
        </test-method> <!-- closeDriver -->
      </class> <!-- unitbv.tests.CheckISGrade -->
    </test> <!-- Check IS Grade -->
  </suite> <!-- Tests from java clases -->
</testng-results>
