<?xml version="1.0" encoding="UTF-8"?>
<!-- Generated by org.testng.reporters.JUnitXMLReporter -->
<testsuite hostname="Pro" name="Test From Xls" tests="8" failures="0" timestamp="15 Jun 2019 08:22:22 GMT" time="4.894" errors="0">
  <testcase name="runTestCase" time="1.681" classname="unitbv.tests.TestFromXls"/>
  <testcase name="runTestCase" time="0.1" classname="unitbv.tests.TestFromXls"/>
  <testcase name="runTestCase" time="0.182" classname="unitbv.tests.TestFromXls"/>
  <testcase name="runTestCase" time="0.154" classname="unitbv.tests.TestFromXls"/>
  <testcase name="runTestCase" time="0.35" classname="unitbv.tests.TestFromXls"/>
  <testcase name="runTestCase" time="1.595" classname="unitbv.tests.TestFromXls"/>
  <testcase name="runTestCase" time="0.631" classname="unitbv.tests.TestFromXls"/>
  <testcase name="runTestCase" time="0.119" classname="unitbv.tests.TestFromXls"/>
</testsuite> <!-- Test From Xls -->
