<?xml version="1.0" encoding="UTF-8"?>
<!-- Generated by org.testng.reporters.JUnitXMLReporter -->
<testsuite hostname="Pro" name="Check IS Grade" tests="1" failures="0" timestamp="4 Jun 2019 19:58:10 GMT" time="0.0" errors="0">
  <testcase name="@BeforeSuite openDriver" time="0.0" classname="unitbv.tests.CheckISGrade">
    <failure type="java.lang.IllegalStateException" message="The driver executable does not exist: D:\testreport\resources\geckodriver.exe">
      <![CDATA[java.lang.IllegalStateException: The driver executable does not exist: D:\testreport\resources\geckodriver.exe
	at com.google.common.base.Preconditions.checkState(Preconditions.java:585)
	at org.openqa.selenium.remote.service.DriverService.checkExecutable(DriverService.java:146)
	at org.openqa.selenium.remote.service.DriverService.findExecutable(DriverService.java:141)
	at org.openqa.selenium.firefox.GeckoDriverService.access$100(GeckoDriverService.java:44)
	at org.openqa.selenium.firefox.GeckoDriverService$Builder.findDefaultExecutable(GeckoDriverService.java:167)
	at org.openqa.selenium.remote.service.DriverService$Builder.build(DriverService.java:355)
	at org.openqa.selenium.firefox.FirefoxDriver.toExecutor(FirefoxDriver.java:190)
	at org.openqa.selenium.firefox.FirefoxDriver.<init>(FirefoxDriver.java:147)
	at org.openqa.selenium.firefox.FirefoxDriver.<init>(FirefoxDriver.java:125)
	at framework.InitWebDriver.openDriver(Unknown Source)
... Removed 18 stack frames]]>
    </failure>
  </testcase> <!-- @BeforeSuite openDriver -->
  <testcase name="verifyISGradeOnIntranet" time="0.0" classname="unitbv.tests.CheckISGrade">
    <skipped/>
  </testcase> <!-- verifyISGradeOnIntranet -->
</testsuite> <!-- Check IS Grade -->
